0 info it worked if it ends with ok
1 verbose cli [ 'node', '/usr/local/bin/npm', 'install', '--save', 'sockeit.io' ]
2 info using npm@1.4.28
3 info using node@v0.10.34
4 warn package.json Base@1.0.0 No repository field.
5 verbose readDependencies using package.json deps
6 verbose cache add [ 'sockeit.io', null ]
7 verbose cache add name=undefined spec="sockeit.io" args=["sockeit.io",null]
8 verbose parsed url { protocol: null,
8 verbose parsed url   slashes: null,
8 verbose parsed url   auth: null,
8 verbose parsed url   host: null,
8 verbose parsed url   port: null,
8 verbose parsed url   hostname: null,
8 verbose parsed url   hash: null,
8 verbose parsed url   search: null,
8 verbose parsed url   query: null,
8 verbose parsed url   pathname: 'sockeit.io',
8 verbose parsed url   path: 'sockeit.io',
8 verbose parsed url   href: 'sockeit.io' }
9 silly lockFile 98c0f66a-sockeit-io sockeit.io
10 verbose lock sockeit.io /Users/jbohling/.npm/98c0f66a-sockeit-io.lock
11 silly lockFile 98c0f66a-sockeit-io sockeit.io
12 silly lockFile 98c0f66a-sockeit-io sockeit.io
13 verbose addNamed [ 'sockeit.io', '' ]
14 verbose addNamed [ null, '*' ]
15 silly lockFile 87397735-sockeit-io sockeit.io@
16 verbose lock sockeit.io@ /Users/jbohling/.npm/87397735-sockeit-io.lock
17 silly addNameRange { name: 'sockeit.io', range: '*', hasData: false }
18 verbose request where is /sockeit.io
19 verbose request registry https://registry.npmjs.org/
20 verbose request id 3d3bf173c060db97
21 verbose url raw /sockeit.io
22 verbose url resolving [ 'https://registry.npmjs.org/', './sockeit.io' ]
23 verbose url resolved https://registry.npmjs.org/sockeit.io
24 verbose request where is https://registry.npmjs.org/sockeit.io
25 info trying registry request attempt 1 at 14:29:44
26 http GET https://registry.npmjs.org/sockeit.io
27 http 404 https://registry.npmjs.org/sockeit.io
28 verbose headers { date: 'Tue, 30 Dec 2014 21:29:44 GMT',
28 verbose headers   server: 'CouchDB/1.5.0 (Erlang OTP/R16B03)',
28 verbose headers   'content-type': 'application/json',
28 verbose headers   'cache-control': 'max-age=0',
28 verbose headers   'content-length': '52',
28 verbose headers   'accept-ranges': 'bytes',
28 verbose headers   via: '1.1 varnish',
28 verbose headers   age: '0',
28 verbose headers   'x-served-by': 'cache-lax1426-LAX',
28 verbose headers   'x-cache': 'MISS',
28 verbose headers   'x-cache-hits': '0',
28 verbose headers   'x-timer': 'S1419974984.796669,VS0,VE178',
28 verbose headers   'keep-alive': 'timeout=10, max=50',
28 verbose headers   connection: 'Keep-Alive' }
29 silly registry.get cb [ 404,
29 silly registry.get   { date: 'Tue, 30 Dec 2014 21:29:44 GMT',
29 silly registry.get     server: 'CouchDB/1.5.0 (Erlang OTP/R16B03)',
29 silly registry.get     'content-type': 'application/json',
29 silly registry.get     'cache-control': 'max-age=0',
29 silly registry.get     'content-length': '52',
29 silly registry.get     'accept-ranges': 'bytes',
29 silly registry.get     via: '1.1 varnish',
29 silly registry.get     age: '0',
29 silly registry.get     'x-served-by': 'cache-lax1426-LAX',
29 silly registry.get     'x-cache': 'MISS',
29 silly registry.get     'x-cache-hits': '0',
29 silly registry.get     'x-timer': 'S1419974984.796669,VS0,VE178',
29 silly registry.get     'keep-alive': 'timeout=10, max=50',
29 silly registry.get     connection: 'Keep-Alive' } ]
30 silly lockFile 87397735-sockeit-io sockeit.io@
31 silly lockFile 87397735-sockeit-io sockeit.io@
32 error 404 404 Not Found: sockeit.io
32 error 404
32 error 404 'sockeit.io' is not in the npm registry.
32 error 404 You should bug the author to publish it
32 error 404 It was specified as a dependency of 'Base'
32 error 404
32 error 404 Note that you can also install from a
32 error 404 tarball, folder, or http url, or git url.
33 error System Darwin 14.0.0
34 error command "node" "/usr/local/bin/npm" "install" "--save" "sockeit.io"
35 error cwd /Users/jbohling/dev/kiosks
36 error node -v v0.10.34
37 error npm -v 1.4.28
38 error code E404
39 verbose exit [ 1, true ]
